c:\users\corma\documents\github\arena\arena\game\arena.ipdb
c:\users\corma\documents\github\arena\arena\game\arena.iobj
c:\users\corma\documents\github\arena\arena\release\vc141.pdb
c:\users\corma\documents\github\arena\arena\release\modulewindow.obj
c:\users\corma\documents\github\arena\arena\release\moduletime.obj
c:\users\corma\documents\github\arena\arena\release\moduletextures.obj
c:\users\corma\documents\github\arena\arena\release\moduleinput.obj
c:\users\corma\documents\github\arena\arena\release\modulefont.obj
c:\users\corma\documents\github\arena\arena\release\modulefadetoblack.obj
c:\users\corma\documents\github\arena\arena\release\modulecollision.obj
c:\users\corma\documents\github\arena\arena\release\moduleaudio.obj
c:\users\corma\documents\github\arena\arena\release\main.obj
c:\users\corma\documents\github\arena\arena\release\log.obj
c:\users\corma\documents\github\arena\arena\release\globals.obj
c:\users\corma\documents\github\arena\arena\release\font.obj
c:\users\corma\documents\github\arena\arena\release\application.obj
c:\users\corma\documents\github\arena\arena\release\modulerender.obj
c:\users\corma\documents\github\arena\arena\release\modulescenesega.obj
c:\users\corma\documents\github\arena\arena\release\gameobject.obj
c:\users\corma\documents\github\arena\arena\game\arena.exe
c:\users\corma\documents\github\arena\arena\game\arena.pdb
c:\users\corma\documents\github\arena\arena\release\arena.tlog\arena.write.1u.tlog
c:\users\corma\documents\github\arena\arena\release\arena.tlog\cl.command.1.tlog
c:\users\corma\documents\github\arena\arena\release\arena.tlog\cl.read.1.tlog
c:\users\corma\documents\github\arena\arena\release\arena.tlog\cl.write.1.tlog
c:\users\corma\documents\github\arena\arena\release\arena.tlog\link.command.1.tlog
c:\users\corma\documents\github\arena\arena\release\arena.tlog\link.read.1.tlog
c:\users\corma\documents\github\arena\arena\release\arena.tlog\link.write.1.tlog
