  Application.cpp
  Font.cpp
  Log.cpp
  ModuleAudio.cpp
  ModuleCollision.cpp
  ModuleFadeToBlack.cpp
  ModuleFont.cpp
  ModuleInput.cpp
  ModuleRender.cpp
  ModuleTextures.cpp
  ModuleTime.cpp
  ModuleWindow.cpp
  ModuleSceneSega.cpp
  Globals.cpp
  Main.cpp
  Generating code
  0 of 1564 functions ( 0.0%) were compiled, the rest were copied from previous compilation.
    0 functions were new in current compilation
    0 functions had inline decision re-evaluated but remain unchanged
  Finished generating code
  SDL Game.vcxproj -> C:\Users\Corma\Documents\GitHub\Arena\Arena\Game\Arena.exe
